# JRE version: Java(TM) SE Runtime Environment (8.0_181-b13) (build 1.8.0_181-b13)
# Java VM: Java HotSpot(TM) 64-Bit Server VM (25.181-b13 mixed mode windows-amd64 compressed oops)
Heap:
 PSYoungGen      total 268288K, used 97963K [0x00000000d5580000, 0x00000000e8e80000, 0x0000000100000000)
  eden space 259072K, 34% used [0x00000000d5580000,0x00000000dac327e0,0x00000000e5280000)
  from space 9216K, 99% used [0x00000000e5280000,0x00000000e5b786a8,0x00000000e5b80000)
  to   space 13824K, 0% used [0x00000000e8100000,0x00000000e8100000,0x00000000e8e80000)
 ParOldGen       total 55296K, used 16820K [0x0000000080000000, 0x0000000083600000, 0x00000000d5580000)
  object space 55296K, 30% used [0x0000000080000000,0x000000008106d0a0,0x0000000083600000)
 Metaspace       used 31731K, capacity 32770K, committed 33024K, reserved 1079296K
  class space    used 3725K, capacity 4040K, committed 4096K, reserved 1048576K
GC Heap History (10 events):
Event: 3.769 GC heap before
{Heap before GC invocations=6 (full 0):
 PSYoungGen      total 71680K, used 71677K [0x00000000d5580000, 0x00000000de780000, 0x0000000100000000)
  eden space 66560K, 100% used [0x00000000d5580000,0x00000000d9680000,0x00000000d9680000)
  from space 5120K, 99% used [0x00000000d9680000,0x00000000d9b7f418,0x00000000d9b80000)
  to   space 8192K, 0% used [0x00000000ddf80000,0x00000000ddf80000,0x00000000de780000)
 ParOldGen       total 87552K, used 3592K [0x0000000080000000, 0x0000000085580000, 0x00000000d5580000)
  object space 87552K, 4% used [0x0000000080000000,0x00000000803822e0,0x0000000085580000)
 Metaspace       used 20556K, capacity 20908K, committed 21120K, reserved 1069056K
  class space    used 2298K, capacity 2396K, committed 2432K, reserved 1048576K
Event: 3.794 GC heap after
Heap after GC invocations=6 (full 0):
 PSYoungGen      total 139776K, used 8174K [0x00000000d5580000, 0x00000000dea80000, 0x0000000100000000)
  eden space 131584K, 0% used [0x00000000d5580000,0x00000000d5580000,0x00000000dd600000)
  from space 8192K, 99% used [0x00000000ddf80000,0x00000000de77b8e0,0x00000000de780000)
  to   space 9728K, 0% used [0x00000000dd600000,0x00000000dd600000,0x00000000ddf80000)
 ParOldGen       total 87552K, used 3907K [0x0000000080000000, 0x0000000085580000, 0x00000000d5580000)
  object space 87552K, 4% used [0x0000000080000000,0x00000000803d0e00,0x0000000085580000)
 Metaspace       used 20556K, capacity 20908K, committed 21120K, reserved 1069056K
  class space    used 2298K, capacity 2396K, committed 2432K, reserved 1048576K
}
Event: 3.979 GC heap before
{Heap before GC invocations=7 (full 0):
 PSYoungGen      total 139776K, used 16022K [0x00000000d5580000, 0x00000000dea80000, 0x0000000100000000)
  eden space 131584K, 5% used [0x00000000d5580000,0x00000000d5d2a2d8,0x00000000dd600000)
  from space 8192K, 99% used [0x00000000ddf80000,0x00000000de77b8e0,0x00000000de780000)
  to   space 9728K, 0% used [0x00000000dd600000,0x00000000dd600000,0x00000000ddf80000)
 ParOldGen       total 87552K, used 3907K [0x0000000080000000, 0x0000000085580000, 0x00000000d5580000)
  object space 87552K, 4% used [0x0000000080000000,0x00000000803d0e00,0x0000000085580000)
 Metaspace       used 20832K, capacity 21132K, committed 21296K, reserved 1069056K
  class space    used 2321K, capacity 2428K, committed 2432K, reserved 1048576K
Event: 4.005 GC heap after
Heap after GC invocations=7 (full 0):
 PSYoungGen      total 141312K, used 4089K [0x00000000d5580000, 0x00000000e6980000, 0x0000000100000000)
  eden space 131584K, 0% used [0x00000000d5580000,0x00000000d5580000,0x00000000dd600000)
  from space 9728K, 42% used [0x00000000dd600000,0x00000000dd9fe578,0x00000000ddf80000)
  to   space 9728K, 0% used [0x00000000e6000000,0x00000000e6000000,0x00000000e6980000)
 ParOldGen       total 87552K, used 6905K [0x0000000080000000, 0x0000000085580000, 0x00000000d5580000)
  object space 87552K, 7% used [0x0000000080000000,0x00000000806be588,0x0000000085580000)
 Metaspace       used 20832K, capacity 21132K, committed 21296K, reserved 1069056K
  class space    used 2321K, capacity 2428K, committed 2432K, reserved 1048576K
}
Event: 4.005 GC heap before
{Heap before GC invocations=8 (full 1):
 PSYoungGen      total 141312K, used 4089K [0x00000000d5580000, 0x00000000e6980000, 0x0000000100000000)
  eden space 131584K, 0% used [0x00000000d5580000,0x00000000d5580000,0x00000000dd600000)
  from space 9728K, 42% used [0x00000000dd600000,0x00000000dd9fe578,0x00000000ddf80000)
  to   space 9728K, 0% used [0x00000000e6000000,0x00000000e6000000,0x00000000e6980000)
 ParOldGen       total 87552K, used 6905K [0x0000000080000000, 0x0000000085580000, 0x00000000d5580000)
  object space 87552K, 7% used [0x0000000080000000,0x00000000806be588,0x0000000085580000)
 Metaspace       used 20832K, capacity 21132K, committed 21296K, reserved 1069056K
  class space    used 2321K, capacity 2428K, committed 2432K, reserved 1048576K
Event: 4.082 GC heap after
Heap after GC invocations=8 (full 1):
 PSYoungGen      total 141312K, used 0K [0x00000000d5580000, 0x00000000e6980000, 0x0000000100000000)
  eden space 131584K, 0% used [0x00000000d5580000,0x00000000d5580000,0x00000000dd600000)
  from space 9728K, 0% used [0x00000000dd600000,0x00000000dd600000,0x00000000ddf80000)
  to   space 9728K, 0% used [0x00000000e6000000,0x00000000e6000000,0x00000000e6980000)
 ParOldGen       total 55296K, used 8092K [0x0000000080000000, 0x0000000083600000, 0x00000000d5580000)
  object space 55296K, 14% used [0x0000000080000000,0x00000000807e70b8,0x0000000083600000)
 Metaspace       used 20832K, capacity 21132K, committed 21296K, reserved 1069056K
  class space    used 2321K, capacity 2428K, committed 2432K, reserved 1048576K
}
Event: 5.472 GC heap before
{Heap before GC invocations=9 (full 1):
 PSYoungGen      total 141312K, used 131584K [0x00000000d5580000, 0x00000000e6980000, 0x0000000100000000)
  eden space 131584K, 100% used [0x00000000d5580000,0x00000000dd600000,0x00000000dd600000)
  from space 9728K, 0% used [0x00000000dd600000,0x00000000dd600000,0x00000000ddf80000)
  to   space 9728K, 0% used [0x00000000e6000000,0x00000000e6000000,0x00000000e6980000)
 ParOldGen       total 55296K, used 8092K [0x0000000080000000, 0x0000000083600000, 0x00000000d5580000)
  object space 55296K, 14% used [0x0000000080000000,0x00000000807e70b8,0x0000000083600000)
 Metaspace       used 22208K, capacity 22630K, committed 22960K, reserved 1069056K
  class space    used 2401K, capacity 2519K, committed 2560K, reserved 1048576K
Event: 5.480 GC heap after
Heap after GC invocations=9 (full 1):
 PSYoungGen      total 221184K, used 4603K [0x00000000d5580000, 0x00000000e6480000, 0x0000000100000000)
  eden space 216576K, 0% used [0x00000000d5580000,0x00000000d5580000,0x00000000e2900000)
  from space 4608K, 99% used [0x00000000e6000000,0x00000000e647eee8,0x00000000e6480000)
  to   space 9216K, 0% used [0x00000000e5280000,0x00000000e5280000,0x00000000e5b80000)
 ParOldGen       total 55296K, used 8092K [0x0000000080000000, 0x0000000083600000, 0x00000000d5580000)
  object space 55296K, 14% used [0x0000000080000000,0x00000000807e70b8,0x0000000083600000)
 Metaspace       used 22208K, capacity 22630K, committed 22960K, reserved 1069056K
  class space    used 2401K, capacity 2519K, committed 2560K, reserved 1048576K
}
Event: 12.996 GC heap before
{Heap before GC invocations=10 (full 1):
 PSYoungGen      total 221184K, used 221179K [0x00000000d5580000, 0x00000000e6480000, 0x0000000100000000)
  eden space 216576K, 100% used [0x00000000d5580000,0x00000000e2900000,0x00000000e2900000)
  from space 4608K, 99% used [0x00000000e6000000,0x00000000e647eee8,0x00000000e6480000)
  to   space 9216K, 0% used [0x00000000e5280000,0x00000000e5280000,0x00000000e5b80000)
 ParOldGen       total 55296K, used 8092K [0x0000000080000000, 0x0000000083600000, 0x00000000d5580000)
  object space 55296K, 14% used [0x0000000080000000,0x00000000807e70b8,0x0000000083600000)
 Metaspace       used 31000K, capacity 31964K, committed 32128K, reserved 1077248K
  class space    used 3638K, capacity 3909K, committed 3968K, reserved 1048576K
Event: 13.026 GC heap after
Heap after GC invocations=10 (full 1):
 PSYoungGen      total 268288K, used 9185K [0x00000000d5580000, 0x00000000e8e80000, 0x0000000100000000)
  eden space 259072K, 0% used [0x00000000d5580000,0x00000000d5580000,0x00000000e5280000)
  from space 9216K, 99% used [0x00000000e5280000,0x00000000e5b786a8,0x00000000e5b80000)
  to   space 13824K, 0% used [0x00000000e8100000,0x00000000e8100000,0x00000000e8e80000)
 ParOldGen       total 55296K, used 16820K [0x0000000080000000, 0x0000000083600000, 0x00000000d5580000)
  object space 55296K, 30% used [0x0000000080000000,0x000000008106d0a0,0x0000000083600000)
 Metaspace       used 31000K, capacity 31964K, committed 32128K, reserved 1077248K
  class space    used 3638K, capacity 3909K, committed 3968K, reserved 1048576K
}

